openat(AT_FDCWD, "/home/daniel/Unity/Hub/Editor/2020.3.6f1/Editor/Data/MonoBleedingEdge/lib/glibc-hwcaps/x86-64-v3/libepoxy.so.0", O_RDONLY|O_CLOEXEC) = -1 ENOENT (Arquivo ou diretório inexistente)
openat(AT_FDCWD, "/home/daniel/Unity/Hub/Editor/2020.3.6f1/Editor/Data/MonoBleedingEdge/lib/glibc-hwcaps/x86-64-v2/libepoxy.so.0", O_RDONLY|O_CLOEXEC) = -1 ENOENT (Arquivo ou diretório inexistente)
openat(AT_FDCWD, "/home/daniel/Unity/Hub/Editor/2020.3.6f1/Editor/Data/MonoBleedingEdge/lib/libepoxy.so.0", O_RDONLY|O_CLOEXEC) = -1 ENOENT (Arquivo ou diretório inexistente)
openat(AT_FDCWD, "glibc-hwcaps/x86-64-v3/libepoxy.so.0", O_RDONLY|O_CLOEXEC) = -1 ENOENT (Arquivo ou diretório inexistente)
openat(AT_FDCWD, "glibc-hwcaps/x86-64-v2/libepoxy.so.0", O_RDONLY|O_CLOEXEC) = -1 ENOENT (Arquivo ou diretório inexistente)
openat(AT_FDCWD, "libepoxy.so.0", O_RDONLY|O_CLOEXEC) = -1 ENOENT (Arquivo ou diretório inexistente)
openat(AT_FDCWD, "/etc/ld.so.cache", O_RDONLY|O_CLOEXEC) = 3
openat(AT_FDCWD, "/lib/x86_64-linux-gnu/libepoxy.so.0", O_RDONLY|O_CLOEXEC) = 3
openat(AT_FDCWD, "glibc-hwcaps/x86-64-v3/libudev.so.1", O_RDONLY|O_CLOEXEC) = -1 ENOENT (Arquivo ou diretório inexistente)
openat(AT_FDCWD, "glibc-hwcaps/x86-64-v2/libudev.so.1", O_RDONLY|O_CLOEXEC) = -1 ENOENT (Arquivo ou diretório inexistente)
openat(AT_FDCWD, "libudev.so.1", O_RDONLY|O_CLOEXEC) = -1 ENOENT (Arquivo ou diretório inexistente)
openat(AT_FDCWD, "/lib/x86_64-linux-gnu/libudev.so.1", O_RDONLY|O_CLOEXEC) = 3
openat(AT_FDCWD, "glibc-hwcaps/x86-64-v3/libselinux.so.1", O_RDONLY|O_CLOEXEC) = -1 ENOENT (Arquivo ou diretório inexistente)
openat(AT_FDCWD, "glibc-hwcaps/x86-64-v2/libselinux.so.1", O_RDONLY|O_CLOEXEC) = -1 ENOENT (Arquivo ou diretório inexistente)
openat(AT_FDCWD, "libselinux.so.1", O_RDONLY|O_CLOEXEC) = -1 ENOENT (Arquivo ou diretório inexistente)
openat(AT_FDCWD, "/lib/x86_64-linux-gnu/libselinux.so.1", O_RDONLY|O_CLOEXEC) = 3
openat(AT_FDCWD, "glibc-hwcaps/x86-64-v3/libgcrypt.so.20", O_RDONLY|O_CLOEXEC) = -1 ENOENT (Arquivo ou diretório inexistente)
openat(AT_FDCWD, "glibc-hwcaps/x86-64-v2/libgcrypt.so.20", O_RDONLY|O_CLOEXEC) = -1 ENOENT (Arquivo ou diretório inexistente)
openat(AT_FDCWD, "libgcrypt.so.20", O_RDONLY|O_CLOEXEC) = -1 ENOENT (Arquivo ou diretório inexistente)
openat(AT_FDCWD, "/lib/x86_64-linux-gnu/libgcrypt.so.20", O_RDONLY|O_CLOEXEC) = 3
openat(AT_FDCWD, "glibc-hwcaps/x86-64-v3/libunwind.so.8", O_RDONLY|O_CLOEXEC) = -1 ENOENT (Arquivo ou diretório inexistente)
openat(AT_FDCWD, "glibc-hwcaps/x86-64-v2/libunwind.so.8", O_RDONLY|O_CLOEXEC) = -1 ENOENT (Arquivo ou diretório inexistente)
openat(AT_FDCWD, "libunwind.so.8", O_RDONLY|O_CLOEXEC) = -1 ENOENT (Arquivo ou diretório inexistente)
openat(AT_FDCWD, "/lib/x86_64-linux-gnu/libunwind.so.8", O_RDONLY|O_CLOEXEC) = 3
openat(AT_FDCWD, "glibc-hwcaps/x86-64-v3/libpixman-1.so.0", O_RDONLY|O_CLOEXEC) = -1 ENOENT (Arquivo ou diretório inexistente)
openat(AT_FDCWD, "glibc-hwcaps/x86-64-v2/libpixman-1.so.0", O_RDONLY|O_CLOEXEC) = -1 ENOENT (Arquivo ou diretório inexistente)
openat(AT_FDCWD, "libpixman-1.so.0", O_RDONLY|O_CLOEXEC) = -1 ENOENT (Arquivo ou diretório inexistente)
openat(AT_FDCWD, "/lib/x86_64-linux-gnu/libpixman-1.so.0", O_RDONLY|O_CLOEXEC) = 3
openat(AT_FDCWD, "glibc-hwcaps/x86-64-v3/libXfont2.so.2", O_RDONLY|O_CLOEXEC) = -1 ENOENT (Arquivo ou diretório inexistente)
openat(AT_FDCWD, "glibc-hwcaps/x86-64-v2/libXfont2.so.2", O_RDONLY|O_CLOEXEC) = -1 ENOENT (Arquivo ou diretório inexistente)
openat(AT_FDCWD, "libXfont2.so.2", O_RDONLY|O_CLOEXEC) = -1 ENOENT (Arquivo ou diretório inexistente)
openat(AT_FDCWD, "/lib/x86_64-linux-gnu/libXfont2.so.2", O_RDONLY|O_CLOEXEC) = 3
openat(AT_FDCWD, "glibc-hwcaps/x86-64-v3/libsystemd.so.0", O_RDONLY|O_CLOEXEC) = -1 ENOENT (Arquivo ou diretório inexistente)
openat(AT_FDCWD, "glibc-hwcaps/x86-64-v2/libsystemd.so.0", O_RDONLY|O_CLOEXEC) = -1 ENOENT (Arquivo ou diretório inexistente)
openat(AT_FDCWD, "libsystemd.so.0", O_RDONLY|O_CLOEXEC) = -1 ENOENT (Arquivo ou diretório inexistente)
openat(AT_FDCWD, "/lib/x86_64-linux-gnu/libsystemd.so.0", O_RDONLY|O_CLOEXEC) = 3
openat(AT_FDCWD, "glibc-hwcaps/x86-64-v3/libxshmfence.so.1", O_RDONLY|O_CLOEXEC) = -1 ENOENT (Arquivo ou diretório inexistente)
openat(AT_FDCWD, "glibc-hwcaps/x86-64-v2/libxshmfence.so.1", O_RDONLY|O_CLOEXEC) = -1 ENOENT (Arquivo ou diretório inexistente)
openat(AT_FDCWD, "libxshmfence.so.1", O_RDONLY|O_CLOEXEC) = -1 ENOENT (Arquivo ou diretório inexistente)
openat(AT_FDCWD, "/lib/x86_64-linux-gnu/libxshmfence.so.1", O_RDONLY|O_CLOEXEC) = 3
openat(AT_FDCWD, "glibc-hwcaps/x86-64-v3/libGL.so.1", O_RDONLY|O_CLOEXEC) = -1 ENOENT (Arquivo ou diretório inexistente)
openat(AT_FDCWD, "glibc-hwcaps/x86-64-v2/libGL.so.1", O_RDONLY|O_CLOEXEC) = -1 ENOENT (Arquivo ou diretório inexistente)
openat(AT_FDCWD, "libGL.so.1", O_RDONLY|O_CLOEXEC) = -1 ENOENT (Arquivo ou diretório inexistente)
openat(AT_FDCWD, "/lib/x86_64-linux-gnu/libGL.so.1", O_RDONLY|O_CLOEXEC) = 3
openat(AT_FDCWD, "glibc-hwcaps/x86-64-v3/libXau.so.6", O_RDONLY|O_CLOEXEC) = -1 ENOENT (Arquivo ou diretório inexistente)
openat(AT_FDCWD, "glibc-hwcaps/x86-64-v2/libXau.so.6", O_RDONLY|O_CLOEXEC) = -1 ENOENT (Arquivo ou diretório inexistente)
openat(AT_FDCWD, "libXau.so.6", O_RDONLY|O_CLOEXEC) = -1 ENOENT (Arquivo ou diretório inexistente)
openat(AT_FDCWD, "/lib/x86_64-linux-gnu/libXau.so.6", O_RDONLY|O_CLOEXEC) = 3
openat(AT_FDCWD, "glibc-hwcaps/x86-64-v3/libXdmcp.so.6", O_RDONLY|O_CLOEXEC) = -1 ENOENT (Arquivo ou diretório inexistente)
openat(AT_FDCWD, "glibc-hwcaps/x86-64-v2/libXdmcp.so.6", O_RDONLY|O_CLOEXEC) = -1 ENOENT (Arquivo ou diretório inexistente)
openat(AT_FDCWD, "libXdmcp.so.6", O_RDONLY|O_CLOEXEC) = -1 ENOENT (Arquivo ou diretório inexistente)
openat(AT_FDCWD, "/lib/x86_64-linux-gnu/libXdmcp.so.6", O_RDONLY|O_CLOEXEC) = 3
openat(AT_FDCWD, "glibc-hwcaps/x86-64-v3/libxcb-shape.so.0", O_RDONLY|O_CLOEXEC) = -1 ENOENT (Arquivo ou diretório inexistente)
openat(AT_FDCWD, "glibc-hwcaps/x86-64-v2/libxcb-shape.so.0", O_RDONLY|O_CLOEXEC) = -1 ENOENT (Arquivo ou diretório inexistente)
openat(AT_FDCWD, "libxcb-shape.so.0", O_RDONLY|O_CLOEXEC) = -1 ENOENT (Arquivo ou diretório inexistente)
openat(AT_FDCWD, "/lib/x86_64-linux-gnu/libxcb-shape.so.0", O_RDONLY|O_CLOEXEC) = 3
openat(AT_FDCWD, "glibc-hwcaps/x86-64-v3/libxcb-render-util.so.0", O_RDONLY|O_CLOEXEC) = -1 ENOENT (Arquivo ou diretório inexistente)
openat(AT_FDCWD, "glibc-hwcaps/x86-64-v2/libxcb-render-util.so.0", O_RDONLY|O_CLOEXEC) = -1 ENOENT (Arquivo ou diretório inexistente)
openat(AT_FDCWD, "libxcb-render-util.so.0", O_RDONLY|O_CLOEXEC) = -1 ENOENT (Arquivo ou diretório inexistente)
openat(AT_FDCWD, "/lib/x86_64-linux-gnu/libxcb-render-util.so.0", O_RDONLY|O_CLOEXEC) = 3
openat(AT_FDCWD, "glibc-hwcaps/x86-64-v3/libxcb-render.so.0", O_RDONLY|O_CLOEXEC) = -1 ENOENT (Arquivo ou diretório inexistente)
openat(AT_FDCWD, "glibc-hwcaps/x86-64-v2/libxcb-render.so.0", O_RDONLY|O_CLOEXEC) = -1 ENOENT (Arquivo ou diretório inexistente)
openat(AT_FDCWD, "libxcb-render.so.0", O_RDONLY|O_CLOEXEC) = -1 ENOENT (Arquivo ou diretório inexistente)
openat(AT_FDCWD, "/lib/x86_64-linux-gnu/libxcb-render.so.0", O_RDONLY|O_CLOEXEC) = 3
openat(AT_FDCWD, "glibc-hwcaps/x86-64-v3/libxcb-util.so.1", O_RDONLY|O_CLOEXEC) = -1 ENOENT (Arquivo ou diretório inexistente)
openat(AT_FDCWD, "glibc-hwcaps/x86-64-v2/libxcb-util.so.1", O_RDONLY|O_CLOEXEC) = -1 ENOENT (Arquivo ou diretório inexistente)
openat(AT_FDCWD, "libxcb-util.so.1", O_RDONLY|O_CLOEXEC) = -1 ENOENT (Arquivo ou diretório inexistente)
openat(AT_FDCWD, "/lib/x86_64-linux-gnu/libxcb-util.so.1", O_RDONLY|O_CLOEXEC) = 3
openat(AT_FDCWD, "glibc-hwcaps/x86-64-v3/libxcb-image.so.0", O_RDONLY|O_CLOEXEC) = -1 ENOENT (Arquivo ou diretório inexistente)
openat(AT_FDCWD, "glibc-hwcaps/x86-64-v2/libxcb-image.so.0", O_RDONLY|O_CLOEXEC) = -1 ENOENT (Arquivo ou diretório inexistente)
openat(AT_FDCWD, "libxcb-image.so.0", O_RDONLY|O_CLOEXEC) = -1 ENOENT (Arquivo ou diretório inexistente)
openat(AT_FDCWD, "/lib/x86_64-linux-gnu/libxcb-image.so.0", O_RDONLY|O_CLOEXEC) = 3
openat(AT_FDCWD, "glibc-hwcaps/x86-64-v3/libxcb-icccm.so.4", O_RDONLY|O_CLOEXEC) = -1 ENOENT (Arquivo ou diretório inexistente)
openat(AT_FDCWD, "glibc-hwcaps/x86-64-v2/libxcb-icccm.so.4", O_RDONLY|O_CLOEXEC) = -1 ENOENT (Arquivo ou diretório inexistente)
openat(AT_FDCWD, "libxcb-icccm.so.4", O_RDONLY|O_CLOEXEC) = -1 ENOENT (Arquivo ou diretório inexistente)
openat(AT_FDCWD, "/lib/x86_64-linux-gnu/libxcb-icccm.so.4", O_RDONLY|O_CLOEXEC) = 3
openat(AT_FDCWD, "glibc-hwcaps/x86-64-v3/libxcb-shm.so.0", O_RDONLY|O_CLOEXEC) = -1 ENOENT (Arquivo ou diretório inexistente)
openat(AT_FDCWD, "glibc-hwcaps/x86-64-v2/libxcb-shm.so.0", O_RDONLY|O_CLOEXEC) = -1 ENOENT (Arquivo ou diretório inexistente)
openat(AT_FDCWD, "libxcb-shm.so.0", O_RDONLY|O_CLOEXEC) = -1 ENOENT (Arquivo ou diretório inexistente)
openat(AT_FDCWD, "/lib/x86_64-linux-gnu/libxcb-shm.so.0", O_RDONLY|O_CLOEXEC) = 3
openat(AT_FDCWD, "glibc-hwcaps/x86-64-v3/libxcb-keysyms.so.1", O_RDONLY|O_CLOEXEC) = -1 ENOENT (Arquivo ou diretório inexistente)
openat(AT_FDCWD, "glibc-hwcaps/x86-64-v2/libxcb-keysyms.so.1", O_RDONLY|O_CLOEXEC) = -1 ENOENT (Arquivo ou diretório inexistente)
openat(AT_FDCWD, "libxcb-keysyms.so.1", O_RDONLY|O_CLOEXEC) = -1 ENOENT (Arquivo ou diretório inexistente)
openat(AT_FDCWD, "/lib/x86_64-linux-gnu/libxcb-keysyms.so.1", O_RDONLY|O_CLOEXEC) = 3
openat(AT_FDCWD, "glibc-hwcaps/x86-64-v3/libxcb-randr.so.0", O_RDONLY|O_CLOEXEC) = -1 ENOENT (Arquivo ou diretório inexistente)
openat(AT_FDCWD, "glibc-hwcaps/x86-64-v2/libxcb-randr.so.0", O_RDONLY|O_CLOEXEC) = -1 ENOENT (Arquivo ou diretório inexistente)
openat(AT_FDCWD, "libxcb-randr.so.0", O_RDONLY|O_CLOEXEC) = -1 ENOENT (Arquivo ou diretório inexistente)
openat(AT_FDCWD, "/lib/x86_64-linux-gnu/libxcb-randr.so.0", O_RDONLY|O_CLOEXEC) = 3
openat(AT_FDCWD, "glibc-hwcaps/x86-64-v3/libxcb-xkb.so.1", O_RDONLY|O_CLOEXEC) = -1 ENOENT (Arquivo ou diretório inexistente)
openat(AT_FDCWD, "glibc-hwcaps/x86-64-v2/libxcb-xkb.so.1", O_RDONLY|O_CLOEXEC) = -1 ENOENT (Arquivo ou diretório inexistente)
openat(AT_FDCWD, "libxcb-xkb.so.1", O_RDONLY|O_CLOEXEC) = -1 ENOENT (Arquivo ou diretório inexistente)
openat(AT_FDCWD, "/lib/x86_64-linux-gnu/libxcb-xkb.so.1", O_RDONLY|O_CLOEXEC) = 3
openat(AT_FDCWD, "glibc-hwcaps/x86-64-v3/libxcb-xv.so.0", O_RDONLY|O_CLOEXEC) = -1 ENOENT (Arquivo ou diretório inexistente)
openat(AT_FDCWD, "glibc-hwcaps/x86-64-v2/libxcb-xv.so.0", O_RDONLY|O_CLOEXEC) = -1 ENOENT (Arquivo ou diretório inexistente)
openat(AT_FDCWD, "libxcb-xv.so.0", O_RDONLY|O_CLOEXEC) = -1 ENOENT (Arquivo ou diretório inexistente)
openat(AT_FDCWD, "/lib/x86_64-linux-gnu/libxcb-xv.so.0", O_RDONLY|O_CLOEXEC) = 3
openat(AT_FDCWD, "glibc-hwcaps/x86-64-v3/libX11-xcb.so.1", O_RDONLY|O_CLOEXEC) = -1 ENOENT (Arquivo ou diretório inexistente)
openat(AT_FDCWD, "glibc-hwcaps/x86-64-v2/libX11-xcb.so.1", O_RDONLY|O_CLOEXEC) = -1 ENOENT (Arquivo ou diretório inexistente)
openat(AT_FDCWD, "libX11-xcb.so.1", O_RDONLY|O_CLOEXEC) = -1 ENOENT (Arquivo ou diretório inexistente)
openat(AT_FDCWD, "/lib/x86_64-linux-gnu/libX11-xcb.so.1", O_RDONLY|O_CLOEXEC) = 3
openat(AT_FDCWD, "glibc-hwcaps/x86-64-v3/libX11.so.6", O_RDONLY|O_CLOEXEC) = -1 ENOENT (Arquivo ou diretório inexistente)
openat(AT_FDCWD, "glibc-hwcaps/x86-64-v2/libX11.so.6", O_RDONLY|O_CLOEXEC) = -1 ENOENT (Arquivo ou diretório inexistente)
openat(AT_FDCWD, "libX11.so.6", O_RDONLY|O_CLOEXEC) = -1 ENOENT (Arquivo ou diretório inexistente)
openat(AT_FDCWD, "/lib/x86_64-linux-gnu/libX11.so.6", O_RDONLY|O_CLOEXEC) = 3
openat(AT_FDCWD, "glibc-hwcaps/x86-64-v3/libxcb.so.1", O_RDONLY|O_CLOEXEC) = -1 ENOENT (Arquivo ou diretório inexistente)
openat(AT_FDCWD, "glibc-hwcaps/x86-64-v2/libxcb.so.1", O_RDONLY|O_CLOEXEC) = -1 ENOENT (Arquivo ou diretório inexistente)
openat(AT_FDCWD, "libxcb.so.1", O_RDONLY|O_CLOEXEC) = -1 ENOENT (Arquivo ou diretório inexistente)
openat(AT_FDCWD, "/lib/x86_64-linux-gnu/libxcb.so.1", O_RDONLY|O_CLOEXEC) = 3
openat(AT_FDCWD, "glibc-hwcaps/x86-64-v3/libaudit.so.1", O_RDONLY|O_CLOEXEC) = -1 ENOENT (Arquivo ou diretório inexistente)
openat(AT_FDCWD, "glibc-hwcaps/x86-64-v2/libaudit.so.1", O_RDONLY|O_CLOEXEC) = -1 ENOENT (Arquivo ou diretório inexistente)
openat(AT_FDCWD, "libaudit.so.1", O_RDONLY|O_CLOEXEC) = -1 ENOENT (Arquivo ou diretório inexistente)
openat(AT_FDCWD, "/lib/x86_64-linux-gnu/libaudit.so.1", O_RDONLY|O_CLOEXEC) = 3
openat(AT_FDCWD, "glibc-hwcaps/x86-64-v3/libm.so.6", O_RDONLY|O_CLOEXEC) = -1 ENOENT (Arquivo ou diretório inexistente)
openat(AT_FDCWD, "glibc-hwcaps/x86-64-v2/libm.so.6", O_RDONLY|O_CLOEXEC) = -1 ENOENT (Arquivo ou diretório inexistente)
openat(AT_FDCWD, "libm.so.6", O_RDONLY|O_CLOEXEC) = -1 ENOENT (Arquivo ou diretório inexistente)
openat(AT_FDCWD, "/lib/x86_64-linux-gnu/libm.so.6", O_RDONLY|O_CLOEXEC) = 3
openat(AT_FDCWD, "glibc-hwcaps/x86-64-v3/libc.so.6", O_RDONLY|O_CLOEXEC) = -1 ENOENT (Arquivo ou diretório inexistente)
openat(AT_FDCWD, "glibc-hwcaps/x86-64-v2/libc.so.6", O_RDONLY|O_CLOEXEC) = -1 ENOENT (Arquivo ou diretório inexistente)
openat(AT_FDCWD, "libc.so.6", O_RDONLY|O_CLOEXEC) = -1 ENOENT (Arquivo ou diretório inexistente)
openat(AT_FDCWD, "/lib/x86_64-linux-gnu/libc.so.6", O_RDONLY|O_CLOEXEC) = 3
openat(AT_FDCWD, "glibc-hwcaps/x86-64-v3/libcap.so.2", O_RDONLY|O_CLOEXEC) = -1 ENOENT (Arquivo ou diretório inexistente)
openat(AT_FDCWD, "glibc-hwcaps/x86-64-v2/libcap.so.2", O_RDONLY|O_CLOEXEC) = -1 ENOENT (Arquivo ou diretório inexistente)
openat(AT_FDCWD, "libcap.so.2", O_RDONLY|O_CLOEXEC) = -1 ENOENT (Arquivo ou diretório inexistente)
openat(AT_FDCWD, "/lib/x86_64-linux-gnu/libcap.so.2", O_RDONLY|O_CLOEXEC) = 3
openat(AT_FDCWD, "glibc-hwcaps/x86-64-v3/libpcre2-8.so.0", O_RDONLY|O_CLOEXEC) = -1 ENOENT (Arquivo ou diretório inexistente)
openat(AT_FDCWD, "glibc-hwcaps/x86-64-v2/libpcre2-8.so.0", O_RDONLY|O_CLOEXEC) = -1 ENOENT (Arquivo ou diretório inexistente)
openat(AT_FDCWD, "libpcre2-8.so.0", O_RDONLY|O_CLOEXEC) = -1 ENOENT (Arquivo ou diretório inexistente)
openat(AT_FDCWD, "/lib/x86_64-linux-gnu/libpcre2-8.so.0", O_RDONLY|O_CLOEXEC) = 3
openat(AT_FDCWD, "glibc-hwcaps/x86-64-v3/libgpg-error.so.0", O_RDONLY|O_CLOEXEC) = -1 ENOENT (Arquivo ou diretório inexistente)
openat(AT_FDCWD, "glibc-hwcaps/x86-64-v2/libgpg-error.so.0", O_RDONLY|O_CLOEXEC) = -1 ENOENT (Arquivo ou diretório inexistente)
openat(AT_FDCWD, "libgpg-error.so.0", O_RDONLY|O_CLOEXEC) = -1 ENOENT (Arquivo ou diretório inexistente)
openat(AT_FDCWD, "/lib/x86_64-linux-gnu/libgpg-error.so.0", O_RDONLY|O_CLOEXEC) = 3
openat(AT_FDCWD, "glibc-hwcaps/x86-64-v3/liblzma.so.5", O_RDONLY|O_CLOEXEC) = -1 ENOENT (Arquivo ou diretório inexistente)
openat(AT_FDCWD, "glibc-hwcaps/x86-64-v2/liblzma.so.5", O_RDONLY|O_CLOEXEC) = -1 ENOENT (Arquivo ou diretório inexistente)
openat(AT_FDCWD, "liblzma.so.5", O_RDONLY|O_CLOEXEC) = -1 ENOENT (Arquivo ou diretório inexistente)
openat(AT_FDCWD, "/lib/x86_64-linux-gnu/liblzma.so.5", O_RDONLY|O_CLOEXEC) = 3
openat(AT_FDCWD, "glibc-hwcaps/x86-64-v3/libz.so.1", O_RDONLY|O_CLOEXEC) = -1 ENOENT (Arquivo ou diretório inexistente)
openat(AT_FDCWD, "glibc-hwcaps/x86-64-v2/libz.so.1", O_RDONLY|O_CLOEXEC) = -1 ENOENT (Arquivo ou diretório inexistente)
openat(AT_FDCWD, "libz.so.1", O_RDONLY|O_CLOEXEC) = -1 ENOENT (Arquivo ou diretório inexistente)
openat(AT_FDCWD, "/lib/x86_64-linux-gnu/libz.so.1", O_RDONLY|O_CLOEXEC) = 3
openat(AT_FDCWD, "glibc-hwcaps/x86-64-v3/libbz2.so.1.0", O_RDONLY|O_CLOEXEC) = -1 ENOENT (Arquivo ou diretório inexistente)
openat(AT_FDCWD, "glibc-hwcaps/x86-64-v2/libbz2.so.1.0", O_RDONLY|O_CLOEXEC) = -1 ENOENT (Arquivo ou diretório inexistente)
openat(AT_FDCWD, "libbz2.so.1.0", O_RDONLY|O_CLOEXEC) = -1 ENOENT (Arquivo ou diretório inexistente)
openat(AT_FDCWD, "/lib/x86_64-linux-gnu/libbz2.so.1.0", O_RDONLY|O_CLOEXEC) = 3
openat(AT_FDCWD, "glibc-hwcaps/x86-64-v3/libfontenc.so.1", O_RDONLY|O_CLOEXEC) = -1 ENOENT (Arquivo ou diretório inexistente)
openat(AT_FDCWD, "glibc-hwcaps/x86-64-v2/libfontenc.so.1", O_RDONLY|O_CLOEXEC) = -1 ENOENT (Arquivo ou diretório inexistente)
openat(AT_FDCWD, "libfontenc.so.1", O_RDONLY|O_CLOEXEC) = -1 ENOENT (Arquivo ou diretório inexistente)
openat(AT_FDCWD, "/lib/x86_64-linux-gnu/libfontenc.so.1", O_RDONLY|O_CLOEXEC) = 3
openat(AT_FDCWD, "glibc-hwcaps/x86-64-v3/libfreetype.so.6", O_RDONLY|O_CLOEXEC) = -1 ENOENT (Arquivo ou diretório inexistente)
openat(AT_FDCWD, "glibc-hwcaps/x86-64-v2/libfreetype.so.6", O_RDONLY|O_CLOEXEC) = -1 ENOENT (Arquivo ou diretório inexistente)
openat(AT_FDCWD, "libfreetype.so.6", O_RDONLY|O_CLOEXEC) = -1 ENOENT (Arquivo ou diretório inexistente)
openat(AT_FDCWD, "/lib/x86_64-linux-gnu/libfreetype.so.6", O_RDONLY|O_CLOEXEC) = 3
openat(AT_FDCWD, "glibc-hwcaps/x86-64-v3/liblz4.so.1", O_RDONLY|O_CLOEXEC) = -1 ENOENT (Arquivo ou diretório inexistente)
openat(AT_FDCWD, "glibc-hwcaps/x86-64-v2/liblz4.so.1", O_RDONLY|O_CLOEXEC) = -1 ENOENT (Arquivo ou diretório inexistente)
openat(AT_FDCWD, "liblz4.so.1", O_RDONLY|O_CLOEXEC) = -1 ENOENT (Arquivo ou diretório inexistente)
openat(AT_FDCWD, "/lib/x86_64-linux-gnu/liblz4.so.1", O_RDONLY|O_CLOEXEC) = 3
openat(AT_FDCWD, "glibc-hwcaps/x86-64-v3/libzstd.so.1", O_RDONLY|O_CLOEXEC) = -1 ENOENT (Arquivo ou diretório inexistente)
openat(AT_FDCWD, "glibc-hwcaps/x86-64-v2/libzstd.so.1", O_RDONLY|O_CLOEXEC) = -1 ENOENT (Arquivo ou diretório inexistente)
openat(AT_FDCWD, "libzstd.so.1", O_RDONLY|O_CLOEXEC) = -1 ENOENT (Arquivo ou diretório inexistente)
openat(AT_FDCWD, "/lib/x86_64-linux-gnu/libzstd.so.1", O_RDONLY|O_CLOEXEC) = 3
openat(AT_FDCWD, "glibc-hwcaps/x86-64-v3/libGLdispatch.so.0", O_RDONLY|O_CLOEXEC) = -1 ENOENT (Arquivo ou diretório inexistente)
openat(AT_FDCWD, "glibc-hwcaps/x86-64-v2/libGLdispatch.so.0", O_RDONLY|O_CLOEXEC) = -1 ENOENT (Arquivo ou diretório inexistente)
openat(AT_FDCWD, "libGLdispatch.so.0", O_RDONLY|O_CLOEXEC) = -1 ENOENT (Arquivo ou diretório inexistente)
openat(AT_FDCWD, "/lib/x86_64-linux-gnu/libGLdispatch.so.0", O_RDONLY|O_CLOEXEC) = 3
openat(AT_FDCWD, "glibc-hwcaps/x86-64-v3/libGLX.so.0", O_RDONLY|O_CLOEXEC) = -1 ENOENT (Arquivo ou diretório inexistente)
openat(AT_FDCWD, "glibc-hwcaps/x86-64-v2/libGLX.so.0", O_RDONLY|O_CLOEXEC) = -1 ENOENT (Arquivo ou diretório inexistente)
openat(AT_FDCWD, "libGLX.so.0", O_RDONLY|O_CLOEXEC) = -1 ENOENT (Arquivo ou diretório inexistente)
openat(AT_FDCWD, "/lib/x86_64-linux-gnu/libGLX.so.0", O_RDONLY|O_CLOEXEC) = 3
openat(AT_FDCWD, "glibc-hwcaps/x86-64-v3/libbsd.so.0", O_RDONLY|O_CLOEXEC) = -1 ENOENT (Arquivo ou diretório inexistente)
openat(AT_FDCWD, "glibc-hwcaps/x86-64-v2/libbsd.so.0", O_RDONLY|O_CLOEXEC) = -1 ENOENT (Arquivo ou diretório inexistente)
openat(AT_FDCWD, "libbsd.so.0", O_RDONLY|O_CLOEXEC) = -1 ENOENT (Arquivo ou diretório inexistente)
openat(AT_FDCWD, "/lib/x86_64-linux-gnu/libbsd.so.0", O_RDONLY|O_CLOEXEC) = 3
openat(AT_FDCWD, "glibc-hwcaps/x86-64-v3/libcap-ng.so.0", O_RDONLY|O_CLOEXEC) = -1 ENOENT (Arquivo ou diretório inexistente)
openat(AT_FDCWD, "glibc-hwcaps/x86-64-v2/libcap-ng.so.0", O_RDONLY|O_CLOEXEC) = -1 ENOENT (Arquivo ou diretório inexistente)
openat(AT_FDCWD, "libcap-ng.so.0", O_RDONLY|O_CLOEXEC) = -1 ENOENT (Arquivo ou diretório inexistente)
openat(AT_FDCWD, "/lib/x86_64-linux-gnu/libcap-ng.so.0", O_RDONLY|O_CLOEXEC) = 3
openat(AT_FDCWD, "glibc-hwcaps/x86-64-v3/libpng16.so.16", O_RDONLY|O_CLOEXEC) = -1 ENOENT (Arquivo ou diretório inexistente)
openat(AT_FDCWD, "glibc-hwcaps/x86-64-v2/libpng16.so.16", O_RDONLY|O_CLOEXEC) = -1 ENOENT (Arquivo ou diretório inexistente)
openat(AT_FDCWD, "libpng16.so.16", O_RDONLY|O_CLOEXEC) = -1 ENOENT (Arquivo ou diretório inexistente)
openat(AT_FDCWD, "/lib/x86_64-linux-gnu/libpng16.so.16", O_RDONLY|O_CLOEXEC) = 3
openat(AT_FDCWD, "glibc-hwcaps/x86-64-v3/libbrotlidec.so.1", O_RDONLY|O_CLOEXEC) = -1 ENOENT (Arquivo ou diretório inexistente)
openat(AT_FDCWD, "glibc-hwcaps/x86-64-v2/libbrotlidec.so.1", O_RDONLY|O_CLOEXEC) = -1 ENOENT (Arquivo ou diretório inexistente)
openat(AT_FDCWD, "libbrotlidec.so.1", O_RDONLY|O_CLOEXEC) = -1 ENOENT (Arquivo ou diretório inexistente)
openat(AT_FDCWD, "/lib/x86_64-linux-gnu/libbrotlidec.so.1", O_RDONLY|O_CLOEXEC) = 3
openat(AT_FDCWD, "glibc-hwcaps/x86-64-v3/libmd.so.0", O_RDONLY|O_CLOEXEC) = -1 ENOENT (Arquivo ou diretório inexistente)
openat(AT_FDCWD, "glibc-hwcaps/x86-64-v2/libmd.so.0", O_RDONLY|O_CLOEXEC) = -1 ENOENT (Arquivo ou diretório inexistente)
openat(AT_FDCWD, "libmd.so.0", O_RDONLY|O_CLOEXEC) = -1 ENOENT (Arquivo ou diretório inexistente)
openat(AT_FDCWD, "/lib/x86_64-linux-gnu/libmd.so.0", O_RDONLY|O_CLOEXEC) = 3
openat(AT_FDCWD, "glibc-hwcaps/x86-64-v3/libbrotlicommon.so.1", O_RDONLY|O_CLOEXEC) = -1 ENOENT (Arquivo ou diretório inexistente)
openat(AT_FDCWD, "glibc-hwcaps/x86-64-v2/libbrotlicommon.so.1", O_RDONLY|O_CLOEXEC) = -1 ENOENT (Arquivo ou diretório inexistente)
openat(AT_FDCWD, "libbrotlicommon.so.1", O_RDONLY|O_CLOEXEC) = -1 ENOENT (Arquivo ou diretório inexistente)
openat(AT_FDCWD, "/lib/x86_64-linux-gnu/libbrotlicommon.so.1", O_RDONLY|O_CLOEXEC) = 3
openat(AT_FDCWD, "/proc/sys/kernel/cap_last_cap", O_RDONLY) = 3
openat(AT_FDCWD, "/proc/filesystems", O_RDONLY|O_CLOEXEC) = 3
openat(AT_FDCWD, "/tmp/.tX99-lock", O_WRONLY|O_CREAT|O_EXCL, 0644) = 6
openat(AT_FDCWD, "/run/user/1000/.mutter-Xwaylandauth.KFP8J3", O_RDONLY) = 7
openat(AT_FDCWD, "/etc/X99.hosts", O_RDONLY) = -1 ENOENT (Arquivo ou diretório inexistente)
openat(AT_FDCWD, "/usr/lib/xorg/protocol.txt", O_RDONLY) = 9
openat(AT_FDCWD, "/usr/lib/x86_64-linux-gnu/dri/swrast_dri.so", O_RDONLY|O_CLOEXEC) = 10
openat(AT_FDCWD, "glibc-hwcaps/x86-64-v3/libgbm.so.1", O_RDONLY|O_CLOEXEC) = -1 ENOENT (Arquivo ou diretório inexistente)
openat(AT_FDCWD, "glibc-hwcaps/x86-64-v2/libgbm.so.1", O_RDONLY|O_CLOEXEC) = -1 ENOENT (Arquivo ou diretório inexistente)
openat(AT_FDCWD, "libgbm.so.1", O_RDONLY|O_CLOEXEC) = -1 ENOENT (Arquivo ou diretório inexistente)
openat(AT_FDCWD, "/etc/ld.so.cache", O_RDONLY|O_CLOEXEC) = 10
openat(AT_FDCWD, "/lib/x86_64-linux-gnu/libgbm.so.1", O_RDONLY|O_CLOEXEC) = 10
openat(AT_FDCWD, "glibc-hwcaps/x86-64-v3/libdrm.so.2", O_RDONLY|O_CLOEXEC) = -1 ENOENT (Arquivo ou diretório inexistente)
openat(AT_FDCWD, "glibc-hwcaps/x86-64-v2/libdrm.so.2", O_RDONLY|O_CLOEXEC) = -1 ENOENT (Arquivo ou diretório inexistente)
openat(AT_FDCWD, "libdrm.so.2", O_RDONLY|O_CLOEXEC) = -1 ENOENT (Arquivo ou diretório inexistente)
openat(AT_FDCWD, "/lib/x86_64-linux-gnu/libdrm.so.2", O_RDONLY|O_CLOEXEC) = 10
openat(AT_FDCWD, "glibc-hwcaps/x86-64-v3/libexpat.so.1", O_RDONLY|O_CLOEXEC) = -1 ENOENT (Arquivo ou diretório inexistente)
openat(AT_FDCWD, "glibc-hwcaps/x86-64-v2/libexpat.so.1", O_RDONLY|O_CLOEXEC) = -1 ENOENT (Arquivo ou diretório inexistente)
openat(AT_FDCWD, "libexpat.so.1", O_RDONLY|O_CLOEXEC) = -1 ENOENT (Arquivo ou diretório inexistente)
openat(AT_FDCWD, "/lib/x86_64-linux-gnu/libexpat.so.1", O_RDONLY|O_CLOEXEC) = 10
openat(AT_FDCWD, "glibc-hwcaps/x86-64-v3/libEGL.so.1", O_RDONLY|O_CLOEXEC) = -1 ENOENT (Arquivo ou diretório inexistente)
openat(AT_FDCWD, "glibc-hwcaps/x86-64-v2/libEGL.so.1", O_RDONLY|O_CLOEXEC) = -1 ENOENT (Arquivo ou diretório inexistente)
openat(AT_FDCWD, "libEGL.so.1", O_RDONLY|O_CLOEXEC) = -1 ENOENT (Arquivo ou diretório inexistente)
openat(AT_FDCWD, "/etc/ld.so.cache", O_RDONLY|O_CLOEXEC) = 10
openat(AT_FDCWD, "/lib/x86_64-linux-gnu/libEGL.so.1", O_RDONLY|O_CLOEXEC) = 10
openat(AT_FDCWD, "/etc/glvnd/egl_vendor.d", O_RDONLY|O_NONBLOCK|O_CLOEXEC|O_DIRECTORY) = 10
openat(AT_FDCWD, "/usr/share/glvnd/egl_vendor.d", O_RDONLY|O_NONBLOCK|O_CLOEXEC|O_DIRECTORY) = 10
openat(AT_FDCWD, "/usr/share/glvnd/egl_vendor.d/50_mesa.json", O_RDONLY) = 10
openat(AT_FDCWD, "glibc-hwcaps/x86-64-v3/libEGL_mesa.so.0", O_RDONLY|O_CLOEXEC) = -1 ENOENT (Arquivo ou diretório inexistente)
openat(AT_FDCWD, "glibc-hwcaps/x86-64-v2/libEGL_mesa.so.0", O_RDONLY|O_CLOEXEC) = -1 ENOENT (Arquivo ou diretório inexistente)
openat(AT_FDCWD, "libEGL_mesa.so.0", O_RDONLY|O_CLOEXEC) = -1 ENOENT (Arquivo ou diretório inexistente)
openat(AT_FDCWD, "/etc/ld.so.cache", O_RDONLY|O_CLOEXEC) = 10
openat(AT_FDCWD, "/lib/x86_64-linux-gnu/libEGL_mesa.so.0", O_RDONLY|O_CLOEXEC) = 10
openat(AT_FDCWD, "glibc-hwcaps/x86-64-v3/libgallium-25.2.8-0ubuntu0.24.04.1.so", O_RDONLY|O_CLOEXEC) = -1 ENOENT (Arquivo ou diretório inexistente)
openat(AT_FDCWD, "glibc-hwcaps/x86-64-v2/libgallium-25.2.8-0ubuntu0.24.04.1.so", O_RDONLY|O_CLOEXEC) = -1 ENOENT (Arquivo ou diretório inexistente)
openat(AT_FDCWD, "libgallium-25.2.8-0ubuntu0.24.04.1.so", O_RDONLY|O_CLOEXEC) = -1 ENOENT (Arquivo ou diretório inexistente)
openat(AT_FDCWD, "/lib/x86_64-linux-gnu/libgallium-25.2.8-0ubuntu0.24.04.1.so", O_RDONLY|O_CLOEXEC) = 10
openat(AT_FDCWD, "glibc-hwcaps/x86-64-v3/libxcb-xfixes.so.0", O_RDONLY|O_CLOEXEC) = -1 ENOENT (Arquivo ou diretório inexistente)
openat(AT_FDCWD, "glibc-hwcaps/x86-64-v2/libxcb-xfixes.so.0", O_RDONLY|O_CLOEXEC) = -1 ENOENT (Arquivo ou diretório inexistente)
openat(AT_FDCWD, "libxcb-xfixes.so.0", O_RDONLY|O_CLOEXEC) = -1 ENOENT (Arquivo ou diretório inexistente)
openat(AT_FDCWD, "/lib/x86_64-linux-gnu/libxcb-xfixes.so.0", O_RDONLY|O_CLOEXEC) = 10
openat(AT_FDCWD, "glibc-hwcaps/x86-64-v3/libwayland-client.so.0", O_RDONLY|O_CLOEXEC) = -1 ENOENT (Arquivo ou diretório inexistente)
openat(AT_FDCWD, "glibc-hwcaps/x86-64-v2/libwayland-client.so.0", O_RDONLY|O_CLOEXEC) = -1 ENOENT (Arquivo ou diretório inexistente)
openat(AT_FDCWD, "libwayland-client.so.0", O_RDONLY|O_CLOEXEC) = -1 ENOENT (Arquivo ou diretório inexistente)
openat(AT_FDCWD, "/lib/x86_64-linux-gnu/libwayland-client.so.0", O_RDONLY|O_CLOEXEC) = 10
openat(AT_FDCWD, "glibc-hwcaps/x86-64-v3/libxcb-dri3.so.0", O_RDONLY|O_CLOEXEC) = -1 ENOENT (Arquivo ou diretório inexistente)
openat(AT_FDCWD, "glibc-hwcaps/x86-64-v2/libxcb-dri3.so.0", O_RDONLY|O_CLOEXEC) = -1 ENOENT (Arquivo ou diretório inexistente)
openat(AT_FDCWD, "libxcb-dri3.so.0", O_RDONLY|O_CLOEXEC) = -1 ENOENT (Arquivo ou diretório inexistente)
openat(AT_FDCWD, "/lib/x86_64-linux-gnu/libxcb-dri3.so.0", O_RDONLY|O_CLOEXEC) = 10
openat(AT_FDCWD, "glibc-hwcaps/x86-64-v3/libxcb-present.so.0", O_RDONLY|O_CLOEXEC) = -1 ENOENT (Arquivo ou diretório inexistente)
openat(AT_FDCWD, "glibc-hwcaps/x86-64-v2/libxcb-present.so.0", O_RDONLY|O_CLOEXEC) = -1 ENOENT (Arquivo ou diretório inexistente)
openat(AT_FDCWD, "libxcb-present.so.0", O_RDONLY|O_CLOEXEC) = -1 ENOENT (Arquivo ou diretório inexistente)
openat(AT_FDCWD, "/lib/x86_64-linux-gnu/libxcb-present.so.0", O_RDONLY|O_CLOEXEC) = 10
openat(AT_FDCWD, "glibc-hwcaps/x86-64-v3/libgcc_s.so.1", O_RDONLY|O_CLOEXEC) = -1 ENOENT (Arquivo ou diretório inexistente)
openat(AT_FDCWD, "glibc-hwcaps/x86-64-v2/libgcc_s.so.1", O_RDONLY|O_CLOEXEC) = -1 ENOENT (Arquivo ou diretório inexistente)
openat(AT_FDCWD, "libgcc_s.so.1", O_RDONLY|O_CLOEXEC) = -1 ENOENT (Arquivo ou diretório inexistente)
openat(AT_FDCWD, "/lib/x86_64-linux-gnu/libgcc_s.so.1", O_RDONLY|O_CLOEXEC) = 10
openat(AT_FDCWD, "glibc-hwcaps/x86-64-v3/libLLVM.so.20.1", O_RDONLY|O_CLOEXEC) = -1 ENOENT (Arquivo ou diretório inexistente)
openat(AT_FDCWD, "glibc-hwcaps/x86-64-v2/libLLVM.so.20.1", O_RDONLY|O_CLOEXEC) = -1 ENOENT (Arquivo ou diretório inexistente)
openat(AT_FDCWD, "libLLVM.so.20.1", O_RDONLY|O_CLOEXEC) = -1 ENOENT (Arquivo ou diretório inexistente)
openat(AT_FDCWD, "/lib/x86_64-linux-gnu/libLLVM.so.20.1", O_RDONLY|O_CLOEXEC) = 10
openat(AT_FDCWD, "glibc-hwcaps/x86-64-v3/libsensors.so.5", O_RDONLY|O_CLOEXEC) = -1 ENOENT (Arquivo ou diretório inexistente)
openat(AT_FDCWD, "glibc-hwcaps/x86-64-v2/libsensors.so.5", O_RDONLY|O_CLOEXEC) = -1 ENOENT (Arquivo ou diretório inexistente)
openat(AT_FDCWD, "libsensors.so.5", O_RDONLY|O_CLOEXEC) = -1 ENOENT (Arquivo ou diretório inexistente)
openat(AT_FDCWD, "/lib/x86_64-linux-gnu/libsensors.so.5", O_RDONLY|O_CLOEXEC) = 10
openat(AT_FDCWD, "glibc-hwcaps/x86-64-v3/libxcb-sync.so.1", O_RDONLY|O_CLOEXEC) = -1 ENOENT (Arquivo ou diretório inexistente)
openat(AT_FDCWD, "glibc-hwcaps/x86-64-v2/libxcb-sync.so.1", O_RDONLY|O_CLOEXEC) = -1 ENOENT (Arquivo ou diretório inexistente)
openat(AT_FDCWD, "libxcb-sync.so.1", O_RDONLY|O_CLOEXEC) = -1 ENOENT (Arquivo ou diretório inexistente)
openat(AT_FDCWD, "/lib/x86_64-linux-gnu/libxcb-sync.so.1", O_RDONLY|O_CLOEXEC) = 10
openat(AT_FDCWD, "glibc-hwcaps/x86-64-v3/libdrm_amdgpu.so.1", O_RDONLY|O_CLOEXEC) = -1 ENOENT (Arquivo ou diretório inexistente)
openat(AT_FDCWD, "glibc-hwcaps/x86-64-v2/libdrm_amdgpu.so.1", O_RDONLY|O_CLOEXEC) = -1 ENOENT (Arquivo ou diretório inexistente)
openat(AT_FDCWD, "libdrm_amdgpu.so.1", O_RDONLY|O_CLOEXEC) = -1 ENOENT (Arquivo ou diretório inexistente)
openat(AT_FDCWD, "/lib/x86_64-linux-gnu/libdrm_amdgpu.so.1", O_RDONLY|O_CLOEXEC) = 10
openat(AT_FDCWD, "glibc-hwcaps/x86-64-v3/libelf.so.1", O_RDONLY|O_CLOEXEC) = -1 ENOENT (Arquivo ou diretório inexistente)
openat(AT_FDCWD, "glibc-hwcaps/x86-64-v2/libelf.so.1", O_RDONLY|O_CLOEXEC) = -1 ENOENT (Arquivo ou diretório inexistente)
openat(AT_FDCWD, "libelf.so.1", O_RDONLY|O_CLOEXEC) = -1 ENOENT (Arquivo ou diretório inexistente)
openat(AT_FDCWD, "/lib/x86_64-linux-gnu/libelf.so.1", O_RDONLY|O_CLOEXEC) = 10
openat(AT_FDCWD, "glibc-hwcaps/x86-64-v3/libdrm_intel.so.1", O_RDONLY|O_CLOEXEC) = -1 ENOENT (Arquivo ou diretório inexistente)
openat(AT_FDCWD, "glibc-hwcaps/x86-64-v2/libdrm_intel.so.1", O_RDONLY|O_CLOEXEC) = -1 ENOENT (Arquivo ou diretório inexistente)
openat(AT_FDCWD, "libdrm_intel.so.1", O_RDONLY|O_CLOEXEC) = -1 ENOENT (Arquivo ou diretório inexistente)
openat(AT_FDCWD, "/lib/x86_64-linux-gnu/libdrm_intel.so.1", O_RDONLY|O_CLOEXEC) = 10
openat(AT_FDCWD, "glibc-hwcaps/x86-64-v3/libstdc++.so.6", O_RDONLY|O_CLOEXEC) = -1 ENOENT (Arquivo ou diretório inexistente)
openat(AT_FDCWD, "glibc-hwcaps/x86-64-v2/libstdc++.so.6", O_RDONLY|O_CLOEXEC) = -1 ENOENT (Arquivo ou diretório inexistente)
openat(AT_FDCWD, "libstdc++.so.6", O_RDONLY|O_CLOEXEC) = -1 ENOENT (Arquivo ou diretório inexistente)
openat(AT_FDCWD, "/lib/x86_64-linux-gnu/libstdc++.so.6", O_RDONLY|O_CLOEXEC) = 10
openat(AT_FDCWD, "glibc-hwcaps/x86-64-v3/libffi.so.8", O_RDONLY|O_CLOEXEC) = -1 ENOENT (Arquivo ou diretório inexistente)
openat(AT_FDCWD, "glibc-hwcaps/x86-64-v2/libffi.so.8", O_RDONLY|O_CLOEXEC) = -1 ENOENT (Arquivo ou diretório inexistente)
openat(AT_FDCWD, "libffi.so.8", O_RDONLY|O_CLOEXEC) = -1 ENOENT (Arquivo ou diretório inexistente)
openat(AT_FDCWD, "/lib/x86_64-linux-gnu/libffi.so.8", O_RDONLY|O_CLOEXEC) = 10
openat(AT_FDCWD, "glibc-hwcaps/x86-64-v3/libedit.so.2", O_RDONLY|O_CLOEXEC) = -1 ENOENT (Arquivo ou diretório inexistente)
openat(AT_FDCWD, "glibc-hwcaps/x86-64-v2/libedit.so.2", O_RDONLY|O_CLOEXEC) = -1 ENOENT (Arquivo ou diretório inexistente)
openat(AT_FDCWD, "libedit.so.2", O_RDONLY|O_CLOEXEC) = -1 ENOENT (Arquivo ou diretório inexistente)
openat(AT_FDCWD, "/lib/x86_64-linux-gnu/../lib/glibc-hwcaps/x86-64-v3/libedit.so.2", O_RDONLY|O_CLOEXEC) = -1 ENOENT (Arquivo ou diretório inexistente)
openat(AT_FDCWD, "/lib/x86_64-linux-gnu/../lib/glibc-hwcaps/x86-64-v2/libedit.so.2", O_RDONLY|O_CLOEXEC) = -1 ENOENT (Arquivo ou diretório inexistente)
openat(AT_FDCWD, "/lib/x86_64-linux-gnu/../lib/libedit.so.2", O_RDONLY|O_CLOEXEC) = -1 ENOENT (Arquivo ou diretório inexistente)
openat(AT_FDCWD, "/lib/x86_64-linux-gnu/libedit.so.2", O_RDONLY|O_CLOEXEC) = 10
openat(AT_FDCWD, "glibc-hwcaps/x86-64-v3/libxml2.so.2", O_RDONLY|O_CLOEXEC) = -1 ENOENT (Arquivo ou diretório inexistente)
openat(AT_FDCWD, "glibc-hwcaps/x86-64-v2/libxml2.so.2", O_RDONLY|O_CLOEXEC) = -1 ENOENT (Arquivo ou diretório inexistente)
openat(AT_FDCWD, "libxml2.so.2", O_RDONLY|O_CLOEXEC) = -1 ENOENT (Arquivo ou diretório inexistente)
openat(AT_FDCWD, "/lib/x86_64-linux-gnu/libxml2.so.2", O_RDONLY|O_CLOEXEC) = 10
openat(AT_FDCWD, "glibc-hwcaps/x86-64-v3/libpciaccess.so.0", O_RDONLY|O_CLOEXEC) = -1 ENOENT (Arquivo ou diretório inexistente)
openat(AT_FDCWD, "glibc-hwcaps/x86-64-v2/libpciaccess.so.0", O_RDONLY|O_CLOEXEC) = -1 ENOENT (Arquivo ou diretório inexistente)
openat(AT_FDCWD, "libpciaccess.so.0", O_RDONLY|O_CLOEXEC) = -1 ENOENT (Arquivo ou diretório inexistente)
openat(AT_FDCWD, "/lib/x86_64-linux-gnu/libpciaccess.so.0", O_RDONLY|O_CLOEXEC) = 10
openat(AT_FDCWD, "glibc-hwcaps/x86-64-v3/libtinfo.so.6", O_RDONLY|O_CLOEXEC) = -1 ENOENT (Arquivo ou diretório inexistente)
openat(AT_FDCWD, "glibc-hwcaps/x86-64-v2/libtinfo.so.6", O_RDONLY|O_CLOEXEC) = -1 ENOENT (Arquivo ou diretório inexistente)
openat(AT_FDCWD, "libtinfo.so.6", O_RDONLY|O_CLOEXEC) = -1 ENOENT (Arquivo ou diretório inexistente)
openat(AT_FDCWD, "/lib/x86_64-linux-gnu/libtinfo.so.6", O_RDONLY|O_CLOEXEC) = 10
openat(AT_FDCWD, "glibc-hwcaps/x86-64-v3/libicuuc.so.74", O_RDONLY|O_CLOEXEC) = -1 ENOENT (Arquivo ou diretório inexistente)
openat(AT_FDCWD, "glibc-hwcaps/x86-64-v2/libicuuc.so.74", O_RDONLY|O_CLOEXEC) = -1 ENOENT (Arquivo ou diretório inexistente)
openat(AT_FDCWD, "libicuuc.so.74", O_RDONLY|O_CLOEXEC) = -1 ENOENT (Arquivo ou diretório inexistente)
openat(AT_FDCWD, "/lib/x86_64-linux-gnu/libicuuc.so.74", O_RDONLY|O_CLOEXEC) = 10
openat(AT_FDCWD, "glibc-hwcaps/x86-64-v3/libicudata.so.74", O_RDONLY|O_CLOEXEC) = -1 ENOENT (Arquivo ou diretório inexistente)
openat(AT_FDCWD, "glibc-hwcaps/x86-64-v2/libicudata.so.74", O_RDONLY|O_CLOEXEC) = -1 ENOENT (Arquivo ou diretório inexistente)
openat(AT_FDCWD, "libicudata.so.74", O_RDONLY|O_CLOEXEC) = -1 ENOENT (Arquivo ou diretório inexistente)
openat(AT_FDCWD, "/lib/x86_64-linux-gnu/libicudata.so.74", O_RDONLY|O_CLOEXEC) = 10
openat(AT_FDCWD, "/dev/dri", O_RDONLY|O_NONBLOCK|O_CLOEXEC|O_DIRECTORY) = 10
openat(AT_FDCWD, "/sys/devices/pci0000:00/0000:00:03.1/0000:07:00.0/0000:08:00.0/0000:09:00.0/uevent", O_RDONLY) = 11
openat(AT_FDCWD, "/sys/devices/pci0000:00/0000:00:03.1/0000:07:00.0/0000:08:00.0/0000:09:00.0/vendor", O_RDONLY) = 11
openat(AT_FDCWD, "/sys/devices/pci0000:00/0000:00:03.1/0000:07:00.0/0000:08:00.0/0000:09:00.0/device", O_RDONLY) = 11
openat(AT_FDCWD, "/sys/devices/pci0000:00/0000:00:03.1/0000:07:00.0/0000:08:00.0/0000:09:00.0/subsystem_vendor", O_RDONLY) = 11
openat(AT_FDCWD, "/sys/devices/pci0000:00/0000:00:03.1/0000:07:00.0/0000:08:00.0/0000:09:00.0/subsystem_device", O_RDONLY) = 11
openat(AT_FDCWD, "/sys/devices/pci0000:00/0000:00:03.1/0000:07:00.0/0000:08:00.0/0000:09:00.0/uevent", O_RDONLY) = 11
openat(AT_FDCWD, "/sys/devices/pci0000:00/0000:00:03.1/0000:07:00.0/0000:08:00.0/0000:09:00.0/vendor", O_RDONLY) = 11
openat(AT_FDCWD, "/sys/devices/pci0000:00/0000:00:03.1/0000:07:00.0/0000:08:00.0/0000:09:00.0/device", O_RDONLY) = 11
openat(AT_FDCWD, "/sys/devices/pci0000:00/0000:00:03.1/0000:07:00.0/0000:08:00.0/0000:09:00.0/subsystem_vendor", O_RDONLY) = 11
openat(AT_FDCWD, "/sys/devices/pci0000:00/0000:00:03.1/0000:07:00.0/0000:08:00.0/0000:09:00.0/subsystem_device", O_RDONLY) = 11
openat(AT_FDCWD, "/dev/dri/card1", O_RDWR|O_CLOEXEC) = 10
openat(AT_FDCWD, "/usr/lib/x86_64-linux-gnu/gbm/amdgpu_gbm.so", O_RDONLY|O_CLOEXEC) = -1 ENOENT (Arquivo ou diretório inexistente)
openat(AT_FDCWD, "/usr/lib/x86_64-linux-gnu/gbm/dri_gbm.so", O_RDONLY|O_CLOEXEC) = 11
openat(AT_FDCWD, "/usr/share/drirc.d", O_RDONLY|O_NONBLOCK|O_CLOEXEC|O_DIRECTORY) = 11
openat(AT_FDCWD, "/usr/share/drirc.d/00-mesa-defaults.conf", O_RDONLY) = 11
openat(AT_FDCWD, "/usr/share/drirc.d/00-radv-defaults.conf", O_RDONLY) = 11
openat(AT_FDCWD, "/etc/drirc", O_RDONLY) = -1 ENOENT (Arquivo ou diretório inexistente)
openat(AT_FDCWD, "/home/daniel/.drirc", O_RDONLY) = -1 ENOENT (Arquivo ou diretório inexistente)
openat(AT_FDCWD, "/sys/dev/char/226:1/device/vendor", O_RDONLY) = 11
openat(AT_FDCWD, "/sys/dev/char/226:1/device/device", O_RDONLY) = 11
openat(AT_FDCWD, "/usr/share/drirc.d", O_RDONLY|O_NONBLOCK|O_CLOEXEC|O_DIRECTORY) = 11
openat(AT_FDCWD, "/usr/share/drirc.d/00-mesa-defaults.conf", O_RDONLY) = 11
openat(AT_FDCWD, "/usr/share/drirc.d/00-radv-defaults.conf", O_RDONLY) = 11
openat(AT_FDCWD, "/etc/drirc", O_RDONLY) = -1 ENOENT (Arquivo ou diretório inexistente)
openat(AT_FDCWD, "/home/daniel/.drirc", O_RDONLY) = -1 ENOENT (Arquivo ou diretório inexistente)
openat(AT_FDCWD, "/sys/dev/char/226:1/device/vendor", O_RDONLY) = 12
openat(AT_FDCWD, "/sys/dev/char/226:1/device/device", O_RDONLY) = 12
openat(AT_FDCWD, "/usr/share/drirc.d", O_RDONLY|O_NONBLOCK|O_CLOEXEC|O_DIRECTORY) = 12
openat(AT_FDCWD, "/usr/share/drirc.d/00-mesa-defaults.conf", O_RDONLY) = 12
openat(AT_FDCWD, "/usr/share/drirc.d/00-radv-defaults.conf", O_RDONLY) = 12
openat(AT_FDCWD, "/etc/drirc", O_RDONLY) = -1 ENOENT (Arquivo ou diretório inexistente)
openat(AT_FDCWD, "/home/daniel/.drirc", O_RDONLY) = -1 ENOENT (Arquivo ou diretório inexistente)
openat(AT_FDCWD, "/sys/dev/char/226:1/device/vendor", O_RDONLY) = 12
openat(AT_FDCWD, "/sys/dev/char/226:1/device/device", O_RDONLY) = 12
openat(AT_FDCWD, "/usr/share/drirc.d", O_RDONLY|O_NONBLOCK|O_CLOEXEC|O_DIRECTORY) = 12
openat(AT_FDCWD, "/usr/share/drirc.d/00-mesa-defaults.conf", O_RDONLY) = 12
openat(AT_FDCWD, "/usr/share/drirc.d/00-radv-defaults.conf", O_RDONLY) = 12
openat(AT_FDCWD, "/etc/drirc", O_RDONLY) = -1 ENOENT (Arquivo ou diretório inexistente)
openat(AT_FDCWD, "/home/daniel/.drirc", O_RDONLY) = -1 ENOENT (Arquivo ou diretório inexistente)
openat(AT_FDCWD, "/usr/share/drirc.d", O_RDONLY|O_NONBLOCK|O_CLOEXEC|O_DIRECTORY) = 11
openat(AT_FDCWD, "/usr/share/drirc.d/00-mesa-defaults.conf", O_RDONLY) = 11
openat(AT_FDCWD, "/usr/share/drirc.d/00-radv-defaults.conf", O_RDONLY) = 11
openat(AT_FDCWD, "/etc/drirc", O_RDONLY) = -1 ENOENT (Arquivo ou diretório inexistente)
openat(AT_FDCWD, "/home/daniel/.drirc", O_RDONLY) = -1 ENOENT (Arquivo ou diretório inexistente)
openat(AT_FDCWD, "/sys/dev/char/226:1/device/vendor", O_RDONLY) = 12
openat(AT_FDCWD, "/sys/dev/char/226:1/device/device", O_RDONLY) = 12
openat(AT_FDCWD, "/usr/share/drirc.d", O_RDONLY|O_NONBLOCK|O_CLOEXEC|O_DIRECTORY) = 12
openat(AT_FDCWD, "/usr/share/drirc.d/00-mesa-defaults.conf", O_RDONLY) = 12
openat(AT_FDCWD, "/usr/share/drirc.d/00-radv-defaults.conf", O_RDONLY) = 12
openat(AT_FDCWD, "/etc/drirc", O_RDONLY) = -1 ENOENT (Arquivo ou diretório inexistente)
openat(AT_FDCWD, "/home/daniel/.drirc", O_RDONLY) = -1 ENOENT (Arquivo ou diretório inexistente)
openat(AT_FDCWD, "/sys/dev/char/226:1/device/vendor", O_RDONLY) = 12
openat(AT_FDCWD, "/sys/dev/char/226:1/device/device", O_RDONLY) = 12
openat(AT_FDCWD, "/usr/share/drirc.d", O_RDONLY|O_NONBLOCK|O_CLOEXEC|O_DIRECTORY) = 12
openat(AT_FDCWD, "/usr/share/drirc.d/00-mesa-defaults.conf", O_RDONLY) = 12
openat(AT_FDCWD, "/usr/share/drirc.d/00-radv-defaults.conf", O_RDONLY) = 12
openat(AT_FDCWD, "/etc/drirc", O_RDONLY) = -1 ENOENT (Arquivo ou diretório inexistente)
openat(AT_FDCWD, "/home/daniel/.drirc", O_RDONLY) = -1 ENOENT (Arquivo ou diretório inexistente)
openat(AT_FDCWD, "/usr/share/drirc.d", O_RDONLY|O_NONBLOCK|O_CLOEXEC|O_DIRECTORY) = 11
openat(AT_FDCWD, "/usr/share/drirc.d/00-mesa-defaults.conf", O_RDONLY) = 11
openat(AT_FDCWD, "/usr/share/drirc.d/00-radv-defaults.conf", O_RDONLY) = 11
openat(AT_FDCWD, "/etc/drirc", O_RDONLY) = -1 ENOENT (Arquivo ou diretório inexistente)
openat(AT_FDCWD, "/home/daniel/.drirc", O_RDONLY) = -1 ENOENT (Arquivo ou diretório inexistente)
openat(AT_FDCWD, "/sys/devices/system/cpu/possible", O_RDONLY|O_CLOEXEC) = 12
openat(AT_FDCWD, "/sys/devices/system/cpu/cpu0/cpu_capacity", O_RDONLY) = 12
openat(AT_FDCWD, "/sys/devices/system/cpu/cpu1/cpu_capacity", O_RDONLY) = 12
openat(AT_FDCWD, "/sys/devices/system/cpu/cpu2/cpu_capacity", O_RDONLY) = 12
openat(AT_FDCWD, "/sys/devices/system/cpu/cpu3/cpu_capacity", O_RDONLY) = 12
openat(AT_FDCWD, "/sys/devices/system/cpu/cpu4/cpu_capacity", O_RDONLY) = 12
openat(AT_FDCWD, "/sys/devices/system/cpu/cpu5/cpu_capacity", O_RDONLY) = 12
openat(AT_FDCWD, "/sys/devices/system/cpu/cpu6/cpu_capacity", O_RDONLY) = 12
openat(AT_FDCWD, "/sys/devices/system/cpu/cpu7/cpu_capacity", O_RDONLY) = 12
openat(AT_FDCWD, "/sys/devices/system/cpu/cpu8/cpu_capacity", O_RDONLY) = 12
openat(AT_FDCWD, "/sys/devices/system/cpu/cpu9/cpu_capacity", O_RDONLY) = 12
openat(AT_FDCWD, "/sys/devices/system/cpu/cpu10/cpu_capacity", O_RDONLY) = 12
openat(AT_FDCWD, "/sys/devices/system/cpu/cpu11/cpu_capacity", O_RDONLY) = 12
openat(AT_FDCWD, "/dev/udmabuf", O_RDWR) = 12
openat(AT_FDCWD, "/usr/share/drirc.d", O_RDONLY|O_NONBLOCK|O_CLOEXEC|O_DIRECTORY) = 17
openat(AT_FDCWD, "/usr/share/drirc.d/00-mesa-defaults.conf", O_RDONLY) = 17
openat(AT_FDCWD, "/usr/share/drirc.d/00-radv-defaults.conf", O_RDONLY) = 17
openat(AT_FDCWD, "/etc/drirc", O_RDONLY) = -1 ENOENT (Arquivo ou diretório inexistente)
openat(AT_FDCWD, "/home/daniel/.drirc", O_RDONLY) = -1 ENOENT (Arquivo ou diretório inexistente)
openat(AT_FDCWD, "/usr/share/fonts/X11/misc/fonts.dir", O_RDONLY|O_NOFOLLOW) = 10
openat(AT_FDCWD, "/usr/share/fonts/X11/misc/fonts.alias", O_RDONLY|O_NOFOLLOW) = 10
openat(AT_FDCWD, "/usr/share/fonts/X11/cyrillic/fonts.dir", O_RDONLY|O_NOFOLLOW) = -1 ENOENT (Arquivo ou diretório inexistente)
openat(AT_FDCWD, "/usr/share/fonts/X11/cyrillic/fonts.alias", O_RDONLY|O_NOFOLLOW) = -1 ENOENT (Arquivo ou diretório inexistente)
openat(AT_FDCWD, "/usr/share/fonts/X11/100dpi/fonts.dir", O_RDONLY|O_NOFOLLOW) = -1 ENOENT (Arquivo ou diretório inexistente)
openat(AT_FDCWD, "/usr/share/fonts/X11/100dpi/fonts.alias", O_RDONLY|O_NOFOLLOW) = -1 ENOENT (Arquivo ou diretório inexistente)
openat(AT_FDCWD, "/usr/share/fonts/X11/75dpi/fonts.dir", O_RDONLY|O_NOFOLLOW) = -1 ENOENT (Arquivo ou diretório inexistente)
openat(AT_FDCWD, "/usr/share/fonts/X11/75dpi/fonts.alias", O_RDONLY|O_NOFOLLOW) = -1 ENOENT (Arquivo ou diretório inexistente)
openat(AT_FDCWD, "/usr/share/fonts/X11/Type1/fonts.dir", O_RDONLY|O_NOFOLLOW) = 10
openat(AT_FDCWD, "/usr/share/fonts/X11/Type1/fonts.alias", O_RDONLY|O_NOFOLLOW) = 10
openat(AT_FDCWD, "/usr/share/fonts/X11/100dpi/fonts.dir", O_RDONLY|O_NOFOLLOW) = -1 ENOENT (Arquivo ou diretório inexistente)
openat(AT_FDCWD, "/usr/share/fonts/X11/100dpi/fonts.alias", O_RDONLY|O_NOFOLLOW) = -1 ENOENT (Arquivo ou diretório inexistente)
openat(AT_FDCWD, "/usr/share/fonts/X11/75dpi/fonts.dir", O_RDONLY|O_NOFOLLOW) = -1 ENOENT (Arquivo ou diretório inexistente)
openat(AT_FDCWD, "/usr/share/fonts/X11/75dpi/fonts.alias", O_RDONLY|O_NOFOLLOW) = -1 ENOENT (Arquivo ou diretório inexistente)
openat(AT_FDCWD, "/usr/share/fonts/X11/misc/6x13-ISO8859-1.pcf.gz", O_RDONLY|O_NOFOLLOW|O_CLOEXEC) = 10
openat(AT_FDCWD, "/usr/share/fonts/X11/misc/cursor.pcf.gz", O_RDONLY|O_NOFOLLOW|O_CLOEXEC) = 10
openat(AT_FDCWD, "/usr/share/X11/xkb/rules/evdev", O_RDONLY) = 10
--- SIGCHLD {si_signo=SIGCHLD, si_code=CLD_EXITED, si_pid=2641545, si_uid=1000, si_status=0, si_utime=0, si_stime=0} ---
openat(AT_FDCWD, "/tmp/server-99.xkm", O_RDONLY) = 10
openat(AT_FDCWD, "/proc/2641529/cmdline", O_RDONLY) = 15
+++ exited with 1 +++
